
*** START: Globalupdates7500 MRGP3 01/20/2012 11:32:52 AM ***
GLOBALUPDATES7500.PROCESS_CHKMAST: 0 Records Updated
GLOBALUPDATES7500.PROCESS_CUSPYBL: 0 Records Updated
GLOBALUPDATES7500.PROCESS_EMPMAST: 0 Records Updated
GLOBALUPDATES7500.PROCESS_EMPSKIL: 0 Records Updated
GLOBALUPDATES7500.PROCESS_EMPTAX: 0 Records Updated
GLOBALUPDATES7500.PROCESS_JOBSKIL: 0 Records Updated
GLOBALUPDATES7500.PROCESS_SCHMAST: 0 Records Updated
GLOBALUPDATES7500.PROCESS_SETMAST: 2 Records Updated
GLOBALUPDATES7500.PROCESS_SLPHOUR: 0 Records Updated
GLOBALUPDATES7500.PROCESS_TDPMAST: 0 Records Updated
GLOBALUPDATES7500.PROCESS_YTDMAST: 0 Records Updated
*** END: Globalupdates7500 MRGP3 01/20/2012 11:32:52 AM ***


*** START: Globalupdates7500 DATA02 03/02/2012 12:58:34 PM ***
GLOBALUPDATES7500.PROCESS_CHKMAST: 0 Records Updated
GLOBALUPDATES7500.PROCESS_CUSPYBL: 0 Records Updated
GLOBALUPDATES7500.PROCESS_EMPMAST: 0 Records Updated
GLOBALUPDATES7500.PROCESS_EMPSKIL: 0 Records Updated
GLOBALUPDATES7500.PROCESS_EMPTAX: 0 Records Updated
GLOBALUPDATES7500.PROCESS_JOBSKIL: 0 Records Updated
GLOBALUPDATES7500.PROCESS_SCHMAST: 0 Records Updated
GLOBALUPDATES7500.PROCESS_SETMAST: 0 Records Updated
GLOBALUPDATES7500.PROCESS_SLPHOUR: 0 Records Updated
GLOBALUPDATES7500.PROCESS_TDPMAST: 0 Records Updated
GLOBALUPDATES7500.PROCESS_YTDMAST: 0 Records Updated
*** END: Globalupdates7500 DATA02 03/02/2012 12:58:34 PM ***


*** START: Globalupdates7500 MRGP5 01/28/2013 10:59:26 PM ***
GLOBALUPDATES7500.PROCESS_CHKMAST: 0 Records Updated
GLOBALUPDATES7500.PROCESS_CUSPYBL: 0 Records Updated
GLOBALUPDATES7500.PROCESS_EMPMAST: 0 Records Updated
GLOBALUPDATES7500.PROCESS_EMPSKIL: 0 Records Updated
GLOBALUPDATES7500.PROCESS_EMPTAX: 0 Records Updated
GLOBALUPDATES7500.PROCESS_JOBSKIL: 0 Records Updated
GLOBALUPDATES7500.PROCESS_SCHMAST: 0 Records Updated
GLOBALUPDATES7500.PROCESS_SETMAST: 2 Records Updated
GLOBALUPDATES7500.PROCESS_SLPHOUR: 0 Records Updated
GLOBALUPDATES7500.PROCESS_TDPMAST: 0 Records Updated
GLOBALUPDATES7500.PROCESS_YTDMAST: 0 Records Updated
*** END: Globalupdates7500 MRGP5 01/28/2013 10:59:26 PM ***


*** START: Globalupdates7500 MRGP4 04/18/2013 10:36:49 AM ***
GLOBALUPDATES7500.PROCESS_CHKMAST: 0 Records Updated
GLOBALUPDATES7500.PROCESS_CUSPYBL: 0 Records Updated
GLOBALUPDATES7500.PROCESS_EMPMAST: 0 Records Updated
GLOBALUPDATES7500.PROCESS_EMPSKIL: 0 Records Updated
GLOBALUPDATES7500.PROCESS_EMPTAX: 0 Records Updated
GLOBALUPDATES7500.PROCESS_JOBSKIL: 0 Records Updated
GLOBALUPDATES7500.PROCESS_SCHMAST: 0 Records Updated
GLOBALUPDATES7500.PROCESS_SETMAST: 0 Records Updated
GLOBALUPDATES7500.PROCESS_SLPHOUR: 0 Records Updated
GLOBALUPDATES7500.PROCESS_TDPMAST: 0 Records Updated
GLOBALUPDATES7500.PROCESS_YTDMAST: 0 Records Updated
*** END: Globalupdates7500 MRGP4 04/18/2013 10:36:49 AM ***


*** START: Globalupdates7500 MRGP6 04/24/2014 06:12:42 PM ***
GLOBALUPDATES7500.PROCESS_CHKMAST: 0 Records Updated
GLOBALUPDATES7500.PROCESS_CUSPYBL: 0 Records Updated
GLOBALUPDATES7500.PROCESS_EMPMAST: 0 Records Updated
GLOBALUPDATES7500.PROCESS_EMPSKIL: 0 Records Updated
GLOBALUPDATES7500.PROCESS_EMPTAX: 0 Records Updated
GLOBALUPDATES7500.PROCESS_JOBSKIL: 0 Records Updated
GLOBALUPDATES7500.PROCESS_SCHMAST: 0 Records Updated
GLOBALUPDATES7500.PROCESS_SETMAST: 2 Records Updated
GLOBALUPDATES7500.PROCESS_SLPHOUR: 0 Records Updated
GLOBALUPDATES7500.PROCESS_TDPMAST: 0 Records Updated
GLOBALUPDATES7500.PROCESS_YTDMAST: 0 Records Updated
*** END: Globalupdates7500 MRGP6 04/24/2014 06:12:42 PM ***


*** START: Globalupdates7500 MRGP7 04/24/2014 06:14:39 PM ***
GLOBALUPDATES7500.PROCESS_CHKMAST: 0 Records Updated
GLOBALUPDATES7500.PROCESS_CUSPYBL: 0 Records Updated
GLOBALUPDATES7500.PROCESS_EMPMAST: 0 Records Updated
GLOBALUPDATES7500.PROCESS_EMPSKIL: 0 Records Updated
GLOBALUPDATES7500.PROCESS_EMPTAX: 0 Records Updated
GLOBALUPDATES7500.PROCESS_JOBSKIL: 0 Records Updated
GLOBALUPDATES7500.PROCESS_SCHMAST: 0 Records Updated
GLOBALUPDATES7500.PROCESS_SETMAST: 2 Records Updated
GLOBALUPDATES7500.PROCESS_SLPHOUR: 0 Records Updated
GLOBALUPDATES7500.PROCESS_TDPMAST: 0 Records Updated
GLOBALUPDATES7500.PROCESS_YTDMAST: 0 Records Updated
*** END: Globalupdates7500 MRGP7 04/24/2014 06:14:39 PM ***


*** START: Globalupdates7500 MRGP8 07/13/2014 05:00:52 PM ***
GLOBALUPDATES7500.PROCESS_CHKMAST: 0 Records Updated
GLOBALUPDATES7500.PROCESS_CUSPYBL: 0 Records Updated
GLOBALUPDATES7500.PROCESS_EMPMAST: 0 Records Updated
GLOBALUPDATES7500.PROCESS_EMPSKIL: 0 Records Updated
GLOBALUPDATES7500.PROCESS_EMPTAX: 0 Records Updated
GLOBALUPDATES7500.PROCESS_JOBSKIL: 0 Records Updated
GLOBALUPDATES7500.PROCESS_SCHMAST: 0 Records Updated
GLOBALUPDATES7500.PROCESS_SETMAST: 2 Records Updated
GLOBALUPDATES7500.PROCESS_SLPHOUR: 0 Records Updated
GLOBALUPDATES7500.PROCESS_TDPMAST: 0 Records Updated
GLOBALUPDATES7500.PROCESS_YTDMAST: 0 Records Updated
*** END: Globalupdates7500 MRGP8 07/13/2014 05:00:52 PM ***


*** START: Globalupdates7500 MRGP9 07/13/2014 05:02:08 PM ***
GLOBALUPDATES7500.PROCESS_CHKMAST: 0 Records Updated
GLOBALUPDATES7500.PROCESS_CUSPYBL: 0 Records Updated
GLOBALUPDATES7500.PROCESS_EMPMAST: 0 Records Updated
GLOBALUPDATES7500.PROCESS_EMPSKIL: 0 Records Updated
GLOBALUPDATES7500.PROCESS_EMPTAX: 0 Records Updated
GLOBALUPDATES7500.PROCESS_JOBSKIL: 0 Records Updated
GLOBALUPDATES7500.PROCESS_SCHMAST: 0 Records Updated
GLOBALUPDATES7500.PROCESS_SETMAST: 2 Records Updated
GLOBALUPDATES7500.PROCESS_SLPHOUR: 0 Records Updated
GLOBALUPDATES7500.PROCESS_TDPMAST: 0 Records Updated
GLOBALUPDATES7500.PROCESS_YTDMAST: 0 Records Updated
*** END: Globalupdates7500 MRGP9 07/13/2014 05:02:08 PM ***


*** START: Globalupdates7500 MRGP10 12/26/2014 07:02:18 PM ***
GLOBALUPDATES7500.PROCESS_CHKMAST: 0 Records Updated
GLOBALUPDATES7500.PROCESS_CUSPYBL: 0 Records Updated
GLOBALUPDATES7500.PROCESS_EMPMAST: 0 Records Updated
GLOBALUPDATES7500.PROCESS_EMPSKIL: 0 Records Updated
GLOBALUPDATES7500.PROCESS_EMPTAX: 0 Records Updated
GLOBALUPDATES7500.PROCESS_JOBSKIL: 0 Records Updated
GLOBALUPDATES7500.PROCESS_SCHMAST: 0 Records Updated
GLOBALUPDATES7500.PROCESS_SETMAST: 2 Records Updated
GLOBALUPDATES7500.PROCESS_SLPHOUR: 0 Records Updated
GLOBALUPDATES7500.PROCESS_TDPMAST: 0 Records Updated
GLOBALUPDATES7500.PROCESS_YTDMAST: 0 Records Updated
*** END: Globalupdates7500 MRGP10 12/26/2014 07:02:18 PM ***


*** START: Globalupdates7500 MRGP11 12/26/2014 07:02:58 PM ***
GLOBALUPDATES7500.PROCESS_CHKMAST: 0 Records Updated
GLOBALUPDATES7500.PROCESS_CUSPYBL: 0 Records Updated
GLOBALUPDATES7500.PROCESS_EMPMAST: 0 Records Updated
GLOBALUPDATES7500.PROCESS_EMPSKIL: 0 Records Updated
GLOBALUPDATES7500.PROCESS_EMPTAX: 0 Records Updated
GLOBALUPDATES7500.PROCESS_JOBSKIL: 0 Records Updated
GLOBALUPDATES7500.PROCESS_SCHMAST: 0 Records Updated
GLOBALUPDATES7500.PROCESS_SETMAST: 2 Records Updated
GLOBALUPDATES7500.PROCESS_SLPHOUR: 0 Records Updated
GLOBALUPDATES7500.PROCESS_TDPMAST: 0 Records Updated
GLOBALUPDATES7500.PROCESS_YTDMAST: 0 Records Updated
*** END: Globalupdates7500 MRGP11 12/26/2014 07:02:58 PM ***


*** START: Globalupdates7500 MRGP12 06/29/2016 08:14:40 PM ***
GLOBALUPDATES7500.PROCESS_CHKMAST: 0 Records Updated
GLOBALUPDATES7500.PROCESS_CUSPYBL: 0 Records Updated
GLOBALUPDATES7500.PROCESS_EMPMAST: 0 Records Updated
GLOBALUPDATES7500.PROCESS_EMPSKIL: 0 Records Updated
GLOBALUPDATES7500.PROCESS_EMPTAX: 0 Records Updated
GLOBALUPDATES7500.PROCESS_JOBSKIL: 0 Records Updated
GLOBALUPDATES7500.PROCESS_SCHMAST: 0 Records Updated
GLOBALUPDATES7500.PROCESS_SETMAST: 2 Records Updated
GLOBALUPDATES7500.PROCESS_SLPHOUR: 0 Records Updated
GLOBALUPDATES7500.PROCESS_TDPMAST: 0 Records Updated
GLOBALUPDATES7500.PROCESS_YTDMAST: 0 Records Updated
*** END: Globalupdates7500 MRGP12 06/29/2016 08:14:40 PM ***


*** START: Globalupdates7500 MRGP13 06/29/2016 08:16:00 PM ***
GLOBALUPDATES7500.PROCESS_CHKMAST: 0 Records Updated
GLOBALUPDATES7500.PROCESS_CUSPYBL: 0 Records Updated
GLOBALUPDATES7500.PROCESS_EMPMAST: 0 Records Updated
GLOBALUPDATES7500.PROCESS_EMPSKIL: 0 Records Updated
GLOBALUPDATES7500.PROCESS_EMPTAX: 0 Records Updated
GLOBALUPDATES7500.PROCESS_JOBSKIL: 0 Records Updated
GLOBALUPDATES7500.PROCESS_SCHMAST: 0 Records Updated
GLOBALUPDATES7500.PROCESS_SETMAST: 2 Records Updated
GLOBALUPDATES7500.PROCESS_SLPHOUR: 0 Records Updated
GLOBALUPDATES7500.PROCESS_TDPMAST: 0 Records Updated
GLOBALUPDATES7500.PROCESS_YTDMAST: 0 Records Updated
*** END: Globalupdates7500 MRGP13 06/29/2016 08:16:00 PM ***


*** START: Globalupdates7500 MRGP14 02/21/2017 08:06:35 PM ***
GLOBALUPDATES7500.PROCESS_CHKMAST: 0 Records Updated
GLOBALUPDATES7500.PROCESS_CUSPYBL: 0 Records Updated
GLOBALUPDATES7500.PROCESS_EMPMAST: 0 Records Updated
GLOBALUPDATES7500.PROCESS_EMPSKIL: 0 Records Updated
GLOBALUPDATES7500.PROCESS_EMPTAX: 0 Records Updated
GLOBALUPDATES7500.PROCESS_JOBSKIL: 0 Records Updated
GLOBALUPDATES7500.PROCESS_SCHMAST: 0 Records Updated
GLOBALUPDATES7500.PROCESS_SETMAST: 2 Records Updated
GLOBALUPDATES7500.PROCESS_SLPHOUR: 0 Records Updated
GLOBALUPDATES7500.PROCESS_TDPMAST: 0 Records Updated
GLOBALUPDATES7500.PROCESS_YTDMAST: 0 Records Updated
*** END: Globalupdates7500 MRGP14 02/21/2017 08:06:36 PM ***


*** START: Globalupdates7500 MRGP15 02/21/2017 08:27:14 PM ***
GLOBALUPDATES7500.PROCESS_CHKMAST: 0 Records Updated
GLOBALUPDATES7500.PROCESS_CUSPYBL: 0 Records Updated
GLOBALUPDATES7500.PROCESS_EMPMAST: 0 Records Updated
GLOBALUPDATES7500.PROCESS_EMPSKIL: 0 Records Updated
GLOBALUPDATES7500.PROCESS_EMPTAX: 0 Records Updated
GLOBALUPDATES7500.PROCESS_JOBSKIL: 0 Records Updated
GLOBALUPDATES7500.PROCESS_SCHMAST: 0 Records Updated
GLOBALUPDATES7500.PROCESS_SETMAST: 2 Records Updated
GLOBALUPDATES7500.PROCESS_SLPHOUR: 0 Records Updated
GLOBALUPDATES7500.PROCESS_TDPMAST: 0 Records Updated
GLOBALUPDATES7500.PROCESS_YTDMAST: 0 Records Updated
*** END: Globalupdates7500 MRGP15 02/21/2017 08:27:15 PM ***


*** START: Globalupdates7500 BR13 03/24/2017 06:51:38 PM ***
GLOBALUPDATES7500.PROCESS_CHKMAST: 0 Records Updated
GLOBALUPDATES7500.PROCESS_CUSPYBL: 0 Records Updated
GLOBALUPDATES7500.PROCESS_EMPMAST: 0 Records Updated
GLOBALUPDATES7500.PROCESS_EMPSKIL: 0 Records Updated
GLOBALUPDATES7500.PROCESS_EMPTAX: 0 Records Updated
GLOBALUPDATES7500.PROCESS_JOBSKIL: 0 Records Updated
GLOBALUPDATES7500.PROCESS_SCHMAST: 0 Records Updated
GLOBALUPDATES7500.PROCESS_SETMAST: 2 Records Updated
GLOBALUPDATES7500.PROCESS_SLPHOUR: 0 Records Updated
GLOBALUPDATES7500.PROCESS_TDPMAST: 0 Records Updated
GLOBALUPDATES7500.PROCESS_YTDMAST: 0 Records Updated
*** END: Globalupdates7500 BR13 03/24/2017 06:51:38 PM ***

